{"C:\\coding\\Documents\\Cohort-Mern\\assignments\\week-3\\01-middlewares\\02-ratelimitter.js": {"path":"C:\\coding\\Documents\\Cohort-Mern\\assignments\\week-3\\01-middlewares\\02-ratelimitter.js","all":false,"statementMap":{"0":{"start":{"line":1,"column":0},"end":{"line":1,"column":37}},"1":{"start":{"line":2,"column":0},"end":{"line":2,"column":33}},"2":{"start":{"line":3,"column":0},"end":{"line":3,"column":35}},"3":{"start":{"line":4,"column":0},"end":{"line":4,"column":22}},"4":{"start":{"line":5,"column":0},"end":{"line":5,"column":67}},"5":{"start":{"line":6,"column":0},"end":{"line":6,"column":66}},"6":{"start":{"line":7,"column":0},"end":{"line":7,"column":67}},"7":{"start":{"line":8,"column":0},"end":{"line":8,"column":70}},"8":{"start":{"line":9,"column":0},"end":{"line":9,"column":32}},"9":{"start":{"line":10,"column":0},"end":{"line":10,"column":67}},"10":{"start":{"line":11,"column":0},"end":{"line":11,"column":79}},"11":{"start":{"line":12,"column":0},"end":{"line":12,"column":26}},"12":{"start":{"line":13,"column":0},"end":{"line":13,"column":0}},"13":{"start":{"line":14,"column":0},"end":{"line":14,"column":33}},"14":{"start":{"line":15,"column":0},"end":{"line":15,"column":19}},"15":{"start":{"line":16,"column":0},"end":{"line":16,"column":33}},"16":{"start":{"line":17,"column":0},"end":{"line":17,"column":8}},"17":{"start":{"line":18,"column":0},"end":{"line":18,"column":0}},"18":{"start":{"line":19,"column":0},"end":{"line":19,"column":31}},"19":{"start":{"line":20,"column":0},"end":{"line":20,"column":34}},"20":{"start":{"line":21,"column":0},"end":{"line":21,"column":37}},"21":{"start":{"line":22,"column":0},"end":{"line":22,"column":3}},"22":{"start":{"line":23,"column":0},"end":{"line":23,"column":39}},"23":{"start":{"line":24,"column":0},"end":{"line":24,"column":41}},"24":{"start":{"line":25,"column":0},"end":{"line":25,"column":5}},"25":{"start":{"line":26,"column":0},"end":{"line":26,"column":39}},"26":{"start":{"line":27,"column":0},"end":{"line":27,"column":5}},"27":{"start":{"line":28,"column":0},"end":{"line":28,"column":9}},"28":{"start":{"line":29,"column":0},"end":{"line":29,"column":13}},"29":{"start":{"line":30,"column":0},"end":{"line":30,"column":5}},"30":{"start":{"line":31,"column":0},"end":{"line":31,"column":3}},"31":{"start":{"line":32,"column":0},"end":{"line":32,"column":7}},"32":{"start":{"line":33,"column":0},"end":{"line":33,"column":38}},"33":{"start":{"line":34,"column":0},"end":{"line":34,"column":11}},"34":{"start":{"line":35,"column":0},"end":{"line":35,"column":3}},"35":{"start":{"line":36,"column":0},"end":{"line":36,"column":2}},"36":{"start":{"line":37,"column":0},"end":{"line":37,"column":0}},"37":{"start":{"line":38,"column":0},"end":{"line":38,"column":37}},"38":{"start":{"line":39,"column":0},"end":{"line":39,"column":41}},"39":{"start":{"line":40,"column":0},"end":{"line":40,"column":3}},"40":{"start":{"line":41,"column":0},"end":{"line":41,"column":0}},"41":{"start":{"line":42,"column":0},"end":{"line":42,"column":38}},"42":{"start":{"line":43,"column":0},"end":{"line":43,"column":54}},"43":{"start":{"line":44,"column":0},"end":{"line":44,"column":3}},"44":{"start":{"line":45,"column":0},"end":{"line":45,"column":0}},"45":{"start":{"line":46,"column":0},"end":{"line":46,"column":21}}},"s":{"0":1,"1":1,"2":1,"3":1,"4":1,"5":1,"6":1,"7":1,"8":1,"9":1,"10":1,"11":1,"12":1,"13":1,"14":1,"15":2,"16":1,"17":1,"18":1,"19":13,"20":13,"21":13,"22":11,"23":11,"24":11,"25":7,"26":7,"27":4,"28":4,"29":4,"30":11,"31":2,"32":2,"33":2,"34":2,"35":13,"36":1,"37":1,"38":6,"39":1,"40":1,"41":1,"42":0,"43":1,"44":1,"45":1},"branchMap":{"0":{"type":"branch","line":15,"loc":{"start":{"line":15,"column":12},"end":{"line":17,"column":3}},"locations":[{"start":{"line":15,"column":12},"end":{"line":17,"column":3}}]},"1":{"type":"branch","line":19,"loc":{"start":{"line":19,"column":8},"end":{"line":36,"column":2}},"locations":[{"start":{"line":19,"column":8},"end":{"line":36,"column":2}}]},"2":{"type":"branch","line":22,"loc":{"start":{"line":22,"column":2},"end":{"line":31,"column":3}},"locations":[{"start":{"line":22,"column":2},"end":{"line":31,"column":3}}]},"3":{"type":"branch","line":25,"loc":{"start":{"line":25,"column":4},"end":{"line":27,"column":5}},"locations":[{"start":{"line":25,"column":4},"end":{"line":27,"column":5}}]},"4":{"type":"branch","line":28,"loc":{"start":{"line":28,"column":-2},"end":{"line":30,"column":5}},"locations":[{"start":{"line":28,"column":-2},"end":{"line":30,"column":5}}]},"5":{"type":"branch","line":32,"loc":{"start":{"line":32,"column":-2},"end":{"line":35,"column":3}},"locations":[{"start":{"line":32,"column":-2},"end":{"line":35,"column":3}}]},"6":{"type":"branch","line":38,"loc":{"start":{"line":38,"column":17},"end":{"line":40,"column":2}},"locations":[{"start":{"line":38,"column":17},"end":{"line":40,"column":2}}]}},"b":{"0":[2],"1":[13],"2":[11],"3":[7],"4":[4],"5":[2],"6":[6]},"fnMap":{},"f":{}}
}
