TN:
SF:01-requestcount.js
FN:13,countTheRequests
FNF:1
FNH:1
FNDA:12,countTheRequests
DA:1,1
DA:2,1
DA:3,1
DA:4,1
DA:5,1
DA:6,1
DA:7,1
DA:8,1
DA:9,1
DA:10,1
DA:11,1
DA:12,1
DA:13,12
DA:14,12
DA:15,12
DA:16,12
DA:17,1
DA:18,1
DA:19,1
DA:20,10
DA:21,1
DA:22,1
DA:23,1
DA:24,0
DA:25,1
DA:26,1
DA:27,1
DA:28,2
DA:29,1
DA:30,1
DA:31,1
LF:31
LH:30
BRDA:13,0,0,12
BRDA:19,1,0,10
BRDA:27,2,0,2
BRF:3
BRH:3
end_of_record
TN:
SF:02-ratelimitter.js
FNF:0
FNH:0
DA:1,1
DA:2,1
DA:3,1
DA:4,1
DA:5,1
DA:6,1
DA:7,1
DA:8,1
DA:9,1
DA:10,1
DA:11,1
DA:12,1
DA:13,1
DA:14,1
DA:15,1
DA:16,1
DA:17,2
DA:18,1
DA:19,1
DA:20,1
DA:21,13
DA:22,13
DA:23,0
DA:24,0
DA:25,0
DA:26,13
DA:27,11
DA:28,11
DA:29,7
DA:30,7
DA:31,7
DA:32,13
DA:33,2
DA:34,2
DA:35,6
DA:36,1
DA:37,1
DA:38,1
DA:39,6
DA:40,6
DA:41,1
DA:42,1
DA:43,0
DA:44,1
DA:45,1
DA:46,1
LF:46
LH:42
BRDA:16,0,0,2
BRDA:20,1,0,13
BRDA:22,2,0,0
BRDA:26,3,0,11
BRDA:28,4,0,7
BRDA:32,5,0,2
BRDA:34,6,0,6
BRDA:38,7,0,6
BRF:8
BRH:7
end_of_record
TN:
SF:03-errorcount.js
FNF:0
FNH:0
DA:1,1
DA:2,1
DA:3,1
DA:4,1
DA:5,1
DA:6,1
DA:7,1
DA:8,1
DA:9,1
DA:10,1
DA:11,1
DA:12,1
DA:13,11
DA:14,0
DA:15,1
DA:16,1
DA:17,1
DA:18,0
DA:19,1
DA:20,1
DA:21,1
DA:22,2
DA:23,1
DA:24,1
DA:25,1
DA:26,11
DA:27,11
DA:28,1
DA:29,1
DA:30,1
DA:31,1
LF:31
LH:29
BRDA:12,0,0,11
BRDA:13,1,0,0
BRDA:21,2,0,2
BRDA:25,3,0,11
BRF:4
BRH:3
end_of_record
